2021-03-17T10:15:43.571Z INFO com.abc.domain.service.postService [my-app, LOG] "https://domain.com/api/post/data/image111.jpg"
2021-03-17T10:15:43.571Z INFO com.abc.domain.service.getService [my-app, LOG] "https://domain.com/api/post/data/get"
2021-03-17T10:15:43.571Z INFO com.abc.domain.service.postService [my-app, LOG] "https://domain.com/api/post/data/image222.jpg"
2021-03-17T10:15:43.571Z INFO com.abc.domain.service.postService [my-app, LOG] "https://domain.com/api/post/data/image333.jpg"
2021-03-17T10:15:43.571Z INFO com.abc.domain.service.getService [my-app, LOG] "https://domain.com/api/post/data/get/id_123"
2021-03-17T10:15:43.571Z INFO com.abc.domain.service.getService [my-app, LOG] "https://domain.com/api/post/data/get/id_1234"
2021-03-17T10:15:43.571Z INFO com.abc.domain.service.putService [my-app, LOG] "https://domain.com/api/post/data/put/id_234"
2021-03-17T10:15:43.571Z INFO com.abc.domain.service.postService [my-app, LOG] "https://domain.com/api/post/data/image444.jpg"
2021-03-17T10:15:43.571Z INFO com.abc.domain.service.putService [my-app, LOG] "https://domain.com/api/post/data/image555.jpg"
2021-03-17T10:15:43.571Z INFO com.abc.domain.service.postService [my-app, LOG] "https://domain.com/api/post/data/image666.jpg"
2021-03-17T10:15:43.571Z INFO com.abc.domain.service.deleteService [my-app, LOG] "https://domain.com/api/post/data/12345"
2021-03-17T10:15:43.571Z INFO com.abc.domain.service.postService [my-app, LOG] "https://domain.com/api/post/data/image777.png"
2021-03-17T10:15:43.571Z INFO com.abc.domain.service.putService [my-app, LOG] "https://domain.com/api/post/data/log"
2021-03-17T10:15:43.571Z INFO com.abc.domain.service.putService [my-app, LOG] "https://domain.com/api/post/data/patch"
2021-03-17T10:15:43.571Z INFO com.abc.domain.service.putService [my-app, LOG] "https://domain.com/api/post/data/test"
2021-03-17T10:15:43.571Z INFO com.abc.domain.service.getService [my-app, LOG] "https://domain.com/api/post/data/getList"
2021-03-17T10:15:43.571Z INFO com.abc.domain.service.postService [my-app, LOG] "https://domain.com/api/post/data/image888.png"
2021-03-17T10:15:43.571Z INFO com.abc.domain.service.getService [my-app, LOG] "https://domain.com/api/post/data/id"
2021-03-17T10:15:43.571Z INFO com.abc.domain.service.getService [my-app, LOG] "https://domain.com/api/post/data/log"
2021-03-17T10:15:43.571Z INFO com.abc.domain.service.postService [my-app, LOG] "https://domain.com/api/post/data/image001.png"
2021-03-17T10:15:43.571Z INFO com.abc.domain.service.postService [my-app, LOG] "https://domain.com/api/post/data/image0002.jpg"
2021-03-17T10:15:43.571Z INFO com.abc.domain.service.postService [my-app, LOG] "https://domain.com/api/post/data/image003.png"
2021-03-17T10:15:43.571Z INFO com.abc.domain.service.postService [my-app, LOG] "https://domain.com/api/post/data/image005.png"
2021-03-17T10:15:43.571Z INFO com.abc.domain.service.postService [my-app, LOG] "https://domain.com/api/post/data/image0006.jpg"
2021-03-17T10:15:43.571Z INFO com.abc.domain.service.postService [my-app, LOG] "https://domain.com/api/post/data/image004.jpg"